<?xml version="1.0" encoding="UTF-8"?>
<!-- Generated by org.testng.reporters.JUnitXMLReporter -->
<testsuite ignored="0" hostname="PereiraSunil" failures="0" tests="4" name="EdgeTest" time="344.141" errors="0" timestamp="2025-11-04T19:16:23 IST">
  <testcase classname="testCases.TC001_AccountCreationTest" name="verifyAccountRegistration" time="0.0">
    <skipped/>
  </testcase> <!-- verifyAccountRegistration -->
  <testcase classname="testCases.TC002_LoginPageTest" name="validateLoginAccountTest" time="0.001">
    <skipped/>
  </testcase> <!-- validateLoginAccountTest -->
  <testcase classname="testCases.TC0003_ValidateLoginPageTest" name="validLoginTest" time="0.001">
    <skipped/>
  </testcase> <!-- validLoginTest -->
  <testcase classname="testCases.TC0003_ValidateLoginPageTest" name="validLoginTest" time="0.0">
    <skipped/>
  </testcase> <!-- validLoginTest -->
</testsuite> <!-- EdgeTest -->
