<?xml version="1.0" encoding="UTF-8"?>
<!-- Generated by org.testng.reporters.JUnitXMLReporter -->
<testsuite ignored="0" hostname="PereiraSunil" failures="1" tests="4" name="EdgeTest" time="114.322" errors="0" timestamp="2025-11-22T16:09:41 IST">
  <testcase classname="testCases.TC001_AccountCreationTest" name="verifyAccountRegistration" time="2.485"/>
  <testcase classname="testCases.TC002_LoginPageTest" name="validateLoginAccountTest" time="1.967"/>
  <testcase classname="testCases.TC0003_ValidateLoginPageTest" name="validLoginTest" time="2.855"/>
  <testcase classname="testCases.TC0003_ValidateLoginPageTest" name="validLoginTest" time="12.361">
    <failure type="java.lang.AssertionError" message="expected [false] but found [true]">
      <![CDATA[java.lang.AssertionError: expected [false] but found [true]
at testCases.TC0003_ValidateLoginPageTest.validLoginTest(TC0003_ValidateLoginPageTest.java:30)
at java.base/java.util.ArrayList.forEach(ArrayList.java:1511)
at java.base/java.util.concurrent.FutureTask.run(FutureTask.java:264)
at java.base/java.util.concurrent.ThreadPoolExecutor.runWorker(ThreadPoolExecutor.java:1136)
at java.base/java.util.concurrent.ThreadPoolExecutor$Worker.run(ThreadPoolExecutor.java:635)
at java.base/java.lang.Thread.run(Thread.java:840)
... Removed 23 stack frames]]>
    </failure>
  </testcase> <!-- validLoginTest -->
</testsuite> <!-- EdgeTest -->
