<?xml version="1.0" encoding="UTF-8"?>
<!-- Generated by org.testng.reporters.JUnitXMLReporter -->
<testsuite ignored="0" hostname="PereiraSunil" failures="2" tests="5" name="EdgeTest" time="108.082" errors="0" timestamp="2025-11-23T17:31:05 IST">
  <testcase classname="testCases.TC001_AccountCreationTest" name="verifyAccountRegistration" time="2.23"/>
  <testcase classname="testCases.TC002_LoginPageTest" name="validateLoginAccountTest" time="1.728"/>
  <testcase classname="testCases.TC0003_ValidateLoginPageTest" name="validLoginTest" time="2.448"/>
  <testcase classname="testCases.TC0003_ValidateLoginPageTest" name="validLoginTest" time="15.743">
    <failure type="java.lang.AssertionError" message="expected [false] but found [true]">
      <![CDATA[java.lang.AssertionError: expected [false] but found [true]
at testCases.TC0003_ValidateLoginPageTest.validLoginTest(TC0003_ValidateLoginPageTest.java:30)
at java.base/java.util.ArrayList.forEach(ArrayList.java:1511)
at java.base/java.util.concurrent.FutureTask.run(FutureTask.java:264)
at java.base/java.util.concurrent.ThreadPoolExecutor.runWorker(ThreadPoolExecutor.java:1136)
at java.base/java.util.concurrent.ThreadPoolExecutor$Worker.run(ThreadPoolExecutor.java:635)
at java.base/java.lang.Thread.run(Thread.java:840)
... Removed 23 stack frames]]>
    </failure>
  </testcase> <!-- validLoginTest -->
  <testcase classname="testCases.TC0003_ValidateLoginPageTest" name="validLoginTest" time="11.479">
    <failure type="java.lang.AssertionError" message="expected [false] but found [true]">
      <![CDATA[java.lang.AssertionError: expected [false] but found [true]
at testCases.TC0003_ValidateLoginPageTest.validLoginTest(TC0003_ValidateLoginPageTest.java:30)
at java.base/java.util.ArrayList.forEach(ArrayList.java:1511)
at java.base/java.util.concurrent.FutureTask.run(FutureTask.java:264)
at java.base/java.util.concurrent.ThreadPoolExecutor.runWorker(ThreadPoolExecutor.java:1136)
at java.base/java.util.concurrent.ThreadPoolExecutor$Worker.run(ThreadPoolExecutor.java:635)
at java.base/java.lang.Thread.run(Thread.java:840)
... Removed 23 stack frames]]>
    </failure>
  </testcase> <!-- validLoginTest -->
</testsuite> <!-- EdgeTest -->
