<?xml version="1.0" encoding="UTF-8"?>
<!-- Generated by org.testng.reporters.JUnitXMLReporter -->
<testsuite ignored="0" hostname="PereiraSunil" failures="1" tests="4" name="Test" time="35.365" errors="0" timestamp="2025-11-03T12:50:44 IST">
  <testcase classname="testCases.TC001_AccountCreationTest" name="verifyAccountRegistration" time="2.165"/>
  <testcase classname="testCases.TC002_LoginPageTest" name="validateLoginAccountTest" time="2.169"/>
  <testcase classname="testCases.TC0003_ValidateLoginPageTest" name="validLoginTest" time="1.747"/>
  <testcase classname="testCases.TC0003_ValidateLoginPageTest" name="validLoginTest" time="11.898">
    <failure type="java.lang.AssertionError" message="expected [false] but found [true]">
      <![CDATA[java.lang.AssertionError: expected [false] but found [true]
at testCases.TC0003_ValidateLoginPageTest.validLoginTest(TC0003_ValidateLoginPageTest.java:30)
at java.base/java.util.ArrayList.forEach(ArrayList.java:1511)
... Removed 33 stack frames]]>
    </failure>
  </testcase> <!-- validLoginTest -->
</testsuite> <!-- Test -->
