<?xml version="1.0" encoding="UTF-8"?>
<!-- Generated by org.testng.reporters.JUnitXMLReporter -->
<testsuite ignored="0" hostname="PereiraSunil" failures="1" tests="4" name="EdgeTest" time="80.281" errors="0" timestamp="2025-11-06T11:36:51 IST">
  <testcase classname="testCases.TC001_AccountCreationTest" name="verifyAccountRegistration" time="2.06"/>
  <testcase classname="testCases.TC002_LoginPageTest" name="validateLoginAccountTest" time="2.247"/>
  <testcase classname="testCases.TC0003_ValidateLoginPageTest" name="validLoginTest" time="4.558"/>
  <testcase classname="testCases.TC0003_ValidateLoginPageTest" name="validLoginTest" time="12.703">
    <failure type="java.lang.AssertionError" message="expected [false] but found [true]">
      <![CDATA[java.lang.AssertionError: expected [false] but found [true]
at testCases.TC0003_ValidateLoginPageTest.validLoginTest(TC0003_ValidateLoginPageTest.java:30)
at java.base/java.util.ArrayList.forEach(ArrayList.java:1604)
at java.base/java.util.concurrent.FutureTask.run(FutureTask.java:328)
at java.base/java.util.concurrent.ThreadPoolExecutor.runWorker(ThreadPoolExecutor.java:1090)
at java.base/java.util.concurrent.ThreadPoolExecutor$Worker.run(ThreadPoolExecutor.java:614)
at java.base/java.lang.Thread.run(Thread.java:1474)
... Removed 21 stack frames]]>
    </failure>
  </testcase> <!-- validLoginTest -->
</testsuite> <!-- EdgeTest -->
