<?xml version="1.0" encoding="UTF-8"?>
<testng-results ignored="0" total="8" passed="6" failed="2" skipped="0">
  <reporter-output>
  </reporter-output>
  <suite started-at="2025-11-06T11:35:31 IST" name="OpenCartProject Suite" finished-at="2025-11-06T11:36:51 IST" duration-ms="80281">
    <groups>
      <group name="datadriven">
        <method signature="TC0003_ValidateLoginPageTest.validLoginTest(java.lang.String,java.lang.String)[pri:0, instance:testCases.TC0003_ValidateLoginPageTest@78b66d36]" name="validLoginTest" class="testCases.TC0003_ValidateLoginPageTest"/>
        <method signature="TC0003_ValidateLoginPageTest.validLoginTest(java.lang.String,java.lang.String)[pri:0, instance:testCases.TC0003_ValidateLoginPageTest@3f197a46]" name="validLoginTest" class="testCases.TC0003_ValidateLoginPageTest"/>
      </group> <!-- datadriven -->
      <group name="regression">
        <method signature="TC002_LoginPageTest.validateLoginAccountTest()[pri:0, instance:testCases.TC002_LoginPageTest@7ce3cb8e]" name="validateLoginAccountTest" class="testCases.TC002_LoginPageTest"/>
        <method signature="TC002_LoginPageTest.validateLoginAccountTest()[pri:0, instance:testCases.TC002_LoginPageTest@5e82df6a]" name="validateLoginAccountTest" class="testCases.TC002_LoginPageTest"/>
      </group> <!-- regression -->
      <group name="sanity">
        <method signature="TC0003_ValidateLoginPageTest.validLoginTest(java.lang.String,java.lang.String)[pri:0, instance:testCases.TC0003_ValidateLoginPageTest@78b66d36]" name="validLoginTest" class="testCases.TC0003_ValidateLoginPageTest"/>
        <method signature="TC001_AccountCreationTest.verifyAccountRegistration()[pri:0, instance:testCases.TC001_AccountCreationTest@6ac13091]" name="verifyAccountRegistration" class="testCases.TC001_AccountCreationTest"/>
        <method signature="TC002_LoginPageTest.validateLoginAccountTest()[pri:0, instance:testCases.TC002_LoginPageTest@7ce3cb8e]" name="validateLoginAccountTest" class="testCases.TC002_LoginPageTest"/>
        <method signature="TC0003_ValidateLoginPageTest.validLoginTest(java.lang.String,java.lang.String)[pri:0, instance:testCases.TC0003_ValidateLoginPageTest@3f197a46]" name="validLoginTest" class="testCases.TC0003_ValidateLoginPageTest"/>
        <method signature="TC001_AccountCreationTest.verifyAccountRegistration()[pri:0, instance:testCases.TC001_AccountCreationTest@7a69b07]" name="verifyAccountRegistration" class="testCases.TC001_AccountCreationTest"/>
        <method signature="TC002_LoginPageTest.validateLoginAccountTest()[pri:0, instance:testCases.TC002_LoginPageTest@5e82df6a]" name="validateLoginAccountTest" class="testCases.TC002_LoginPageTest"/>
      </group> <!-- sanity -->
    </groups>
    <test started-at="2025-11-06T11:35:31 IST" name="ChromeTest" finished-at="2025-11-06T11:36:18 IST" duration-ms="46564">
      <class name="testCases.TC0003_ValidateLoginPageTest">
        <test-method is-config="true" signature="setUp(java.lang.String,java.lang.String)[pri:0, instance:testCases.TC0003_ValidateLoginPageTest@78b66d36]" started-at="2025-11-06T11:35:51 IST" name="setUp" finished-at="2025-11-06T11:35:55 IST" duration-ms="4375" status="PASS">
          <params>
            <param index="0">
              <value>
                <![CDATA[chrome]]>
              </value>
            </param>
            <param index="1">
              <value>
                <![CDATA[linux]]>
              </value>
            </param>
          </params>
          <reporter-output>
          </reporter-output>
        </test-method> <!-- setUp -->
        <test-method signature="validLoginTest(java.lang.String,java.lang.String)[pri:0, instance:testCases.TC0003_ValidateLoginPageTest@78b66d36]" started-at="2025-11-06T11:35:55 IST" name="validLoginTest" data-provider="logindata" finished-at="2025-11-06T11:35:59 IST" duration-ms="3871" status="PASS">
          <params>
            <param index="0">
              <value>
                <![CDATA[Sunper@gmail.com]]>
              </value>
            </param>
            <param index="1">
              <value>
                <![CDATA[Sunper@1994]]>
              </value>
            </param>
          </params>
          <reporter-output>
          </reporter-output>
        </test-method> <!-- validLoginTest -->
        <test-method is-config="true" signature="tearDown()[pri:0, instance:testCases.TC0003_ValidateLoginPageTest@78b66d36]" started-at="2025-11-06T11:35:59 IST" name="tearDown" finished-at="2025-11-06T11:36:00 IST" duration-ms="1264" status="PASS">
          <reporter-output>
          </reporter-output>
        </test-method> <!-- tearDown -->
        <test-method is-config="true" signature="setUp(java.lang.String,java.lang.String)[pri:0, instance:testCases.TC0003_ValidateLoginPageTest@78b66d36]" started-at="2025-11-06T11:36:00 IST" name="setUp" finished-at="2025-11-06T11:36:04 IST" duration-ms="4184" status="PASS">
          <params>
            <param index="0">
              <value>
                <![CDATA[chrome]]>
              </value>
            </param>
            <param index="1">
              <value>
                <![CDATA[linux]]>
              </value>
            </param>
          </params>
          <reporter-output>
          </reporter-output>
        </test-method> <!-- setUp -->
        <test-method signature="validLoginTest(java.lang.String,java.lang.String)[pri:0, instance:testCases.TC0003_ValidateLoginPageTest@78b66d36]" started-at="2025-11-06T11:36:04 IST" name="validLoginTest" data-provider="logindata" finished-at="2025-11-06T11:36:16 IST" duration-ms="11998" status="FAIL">
          <params>
            <param index="0">
              <value>
                <![CDATA[SunPer@gmail.com]]>
              </value>
            </param>
            <param index="1">
              <value>
                <![CDATA[SunPer@1995]]>
              </value>
            </param>
          </params>
          <exception class="java.lang.AssertionError">
            <message>
              <![CDATA[expected [false] but found [true]]]>
            </message>
            <full-stacktrace>
              <![CDATA[java.lang.AssertionError: expected [false] but found [true]
at org.testng.Assert.fail(Assert.java:111)
at org.testng.Assert.failNotEquals(Assert.java:1590)
at org.testng.Assert.assertEqualsImpl(Assert.java:150)
at org.testng.Assert.assertEquals(Assert.java:132)
at org.testng.Assert.assertEquals(Assert.java:1079)
at org.testng.Assert.assertEquals(Assert.java:1119)
at testCases.TC0003_ValidateLoginPageTest.validLoginTest(TC0003_ValidateLoginPageTest.java:30)
at java.base/jdk.internal.reflect.DirectMethodHandleAccessor.invoke(DirectMethodHandleAccessor.java:104)
at java.base/java.lang.reflect.Method.invoke(Method.java:565)
at org.testng.internal.invokers.MethodInvocationHelper.invokeMethod(MethodInvocationHelper.java:141)
at org.testng.internal.invokers.TestInvoker.invokeMethod(TestInvoker.java:687)
at org.testng.internal.invokers.TestInvoker.invokeTestMethod(TestInvoker.java:230)
at org.testng.internal.invokers.MethodRunner.runInSequence(MethodRunner.java:63)
at org.testng.internal.invokers.TestInvoker$MethodInvocationAgent.invoke(TestInvoker.java:995)
at org.testng.internal.invokers.TestInvoker.invokeTestMethods(TestInvoker.java:203)
at org.testng.internal.invokers.TestMethodWorker.invokeTestMethods(TestMethodWorker.java:154)
at org.testng.internal.invokers.TestMethodWorker.run(TestMethodWorker.java:134)
at java.base/java.util.ArrayList.forEach(ArrayList.java:1604)
at org.testng.TestRunner.privateRun(TestRunner.java:741)
at org.testng.TestRunner.run(TestRunner.java:616)
at org.testng.SuiteRunner.runTest(SuiteRunner.java:421)
at org.testng.SuiteRunner$SuiteWorker.run(SuiteRunner.java:463)
at org.testng.internal.thread.ThreadUtil.lambda$execute$0(ThreadUtil.java:64)
at java.base/java.util.concurrent.FutureTask.run(FutureTask.java:328)
at java.base/java.util.concurrent.ThreadPoolExecutor.runWorker(ThreadPoolExecutor.java:1090)
at java.base/java.util.concurrent.ThreadPoolExecutor$Worker.run(ThreadPoolExecutor.java:614)
at java.base/java.lang.Thread.run(Thread.java:1474)
]]>
            </full-stacktrace>
          </exception> <!-- java.lang.AssertionError -->
          <reporter-output>
          </reporter-output>
        </test-method> <!-- validLoginTest -->
        <test-method is-config="true" signature="tearDown()[pri:0, instance:testCases.TC0003_ValidateLoginPageTest@78b66d36]" started-at="2025-11-06T11:36:17 IST" name="tearDown" finished-at="2025-11-06T11:36:18 IST" duration-ms="1048" status="PASS">
          <reporter-output>
          </reporter-output>
        </test-method> <!-- tearDown -->
      </class> <!-- testCases.TC0003_ValidateLoginPageTest -->
      <class name="testCases.TC001_AccountCreationTest">
        <test-method is-config="true" signature="setUp(java.lang.String,java.lang.String)[pri:0, instance:testCases.TC001_AccountCreationTest@6ac13091]" started-at="2025-11-06T11:35:31 IST" name="setUp" finished-at="2025-11-06T11:35:36 IST" duration-ms="4697" status="PASS">
          <params>
            <param index="0">
              <value>
                <![CDATA[chrome]]>
              </value>
            </param>
            <param index="1">
              <value>
                <![CDATA[linux]]>
              </value>
            </param>
          </params>
          <reporter-output>
          </reporter-output>
        </test-method> <!-- setUp -->
        <test-method signature="verifyAccountRegistration()[pri:0, instance:testCases.TC001_AccountCreationTest@6ac13091]" started-at="2025-11-06T11:35:36 IST" name="verifyAccountRegistration" finished-at="2025-11-06T11:35:42 IST" duration-ms="5791" status="PASS">
          <reporter-output>
          </reporter-output>
        </test-method> <!-- verifyAccountRegistration -->
        <test-method is-config="true" signature="tearDown()[pri:0, instance:testCases.TC001_AccountCreationTest@6ac13091]" started-at="2025-11-06T11:35:42 IST" name="tearDown" finished-at="2025-11-06T11:35:44 IST" duration-ms="2270" status="PASS">
          <reporter-output>
          </reporter-output>
        </test-method> <!-- tearDown -->
      </class> <!-- testCases.TC001_AccountCreationTest -->
      <class name="testCases.TC002_LoginPageTest">
        <test-method is-config="true" signature="setUp(java.lang.String,java.lang.String)[pri:0, instance:testCases.TC002_LoginPageTest@7ce3cb8e]" started-at="2025-11-06T11:35:44 IST" name="setUp" finished-at="2025-11-06T11:35:48 IST" duration-ms="4248" status="PASS">
          <params>
            <param index="0">
              <value>
                <![CDATA[chrome]]>
              </value>
            </param>
            <param index="1">
              <value>
                <![CDATA[linux]]>
              </value>
            </param>
          </params>
          <reporter-output>
          </reporter-output>
        </test-method> <!-- setUp -->
        <test-method signature="validateLoginAccountTest()[pri:0, instance:testCases.TC002_LoginPageTest@7ce3cb8e]" started-at="2025-11-06T11:35:48 IST" name="validateLoginAccountTest" finished-at="2025-11-06T11:35:50 IST" duration-ms="2031" status="PASS">
          <reporter-output>
          </reporter-output>
        </test-method> <!-- validateLoginAccountTest -->
        <test-method is-config="true" signature="tearDown()[pri:0, instance:testCases.TC002_LoginPageTest@7ce3cb8e]" started-at="2025-11-06T11:35:50 IST" name="tearDown" finished-at="2025-11-06T11:35:51 IST" duration-ms="598" status="PASS">
          <reporter-output>
          </reporter-output>
        </test-method> <!-- tearDown -->
      </class> <!-- testCases.TC002_LoginPageTest -->
    </test> <!-- ChromeTest -->
    <test started-at="2025-11-06T11:35:31 IST" name="EdgeTest" finished-at="2025-11-06T11:36:51 IST" duration-ms="80281">
      <class name="testCases.TC0003_ValidateLoginPageTest">
        <test-method is-config="true" signature="setUp(java.lang.String,java.lang.String)[pri:0, instance:testCases.TC0003_ValidateLoginPageTest@3f197a46]" started-at="2025-11-06T11:36:05 IST" name="setUp" finished-at="2025-11-06T11:36:14 IST" duration-ms="8381" status="PASS">
          <params>
            <param index="0">
              <value>
                <![CDATA[firefox]]>
              </value>
            </param>
            <param index="1">
              <value>
                <![CDATA[linux]]>
              </value>
            </param>
          </params>
          <reporter-output>
          </reporter-output>
        </test-method> <!-- setUp -->
        <test-method signature="validLoginTest(java.lang.String,java.lang.String)[pri:0, instance:testCases.TC0003_ValidateLoginPageTest@3f197a46]" started-at="2025-11-06T11:36:14 IST" name="validLoginTest" data-provider="logindata" finished-at="2025-11-06T11:36:18 IST" duration-ms="4558" status="PASS">
          <params>
            <param index="0">
              <value>
                <![CDATA[Sunper@gmail.com]]>
              </value>
            </param>
            <param index="1">
              <value>
                <![CDATA[Sunper@1994]]>
              </value>
            </param>
          </params>
          <reporter-output>
          </reporter-output>
        </test-method> <!-- validLoginTest -->
        <test-method is-config="true" signature="tearDown()[pri:0, instance:testCases.TC0003_ValidateLoginPageTest@3f197a46]" started-at="2025-11-06T11:36:18 IST" name="tearDown" finished-at="2025-11-06T11:36:22 IST" duration-ms="3750" status="PASS">
          <reporter-output>
          </reporter-output>
        </test-method> <!-- tearDown -->
        <test-method is-config="true" signature="setUp(java.lang.String,java.lang.String)[pri:0, instance:testCases.TC0003_ValidateLoginPageTest@3f197a46]" started-at="2025-11-06T11:36:22 IST" name="setUp" finished-at="2025-11-06T11:36:35 IST" duration-ms="13315" status="PASS">
          <params>
            <param index="0">
              <value>
                <![CDATA[firefox]]>
              </value>
            </param>
            <param index="1">
              <value>
                <![CDATA[linux]]>
              </value>
            </param>
          </params>
          <reporter-output>
          </reporter-output>
        </test-method> <!-- setUp -->
        <test-method signature="validLoginTest(java.lang.String,java.lang.String)[pri:0, instance:testCases.TC0003_ValidateLoginPageTest@3f197a46]" started-at="2025-11-06T11:36:35 IST" name="validLoginTest" data-provider="logindata" finished-at="2025-11-06T11:36:48 IST" duration-ms="12703" status="FAIL">
          <params>
            <param index="0">
              <value>
                <![CDATA[SunPer@gmail.com]]>
              </value>
            </param>
            <param index="1">
              <value>
                <![CDATA[SunPer@1995]]>
              </value>
            </param>
          </params>
          <exception class="java.lang.AssertionError">
            <message>
              <![CDATA[expected [false] but found [true]]]>
            </message>
            <full-stacktrace>
              <![CDATA[java.lang.AssertionError: expected [false] but found [true]
at org.testng.Assert.fail(Assert.java:111)
at org.testng.Assert.failNotEquals(Assert.java:1590)
at org.testng.Assert.assertEqualsImpl(Assert.java:150)
at org.testng.Assert.assertEquals(Assert.java:132)
at org.testng.Assert.assertEquals(Assert.java:1079)
at org.testng.Assert.assertEquals(Assert.java:1119)
at testCases.TC0003_ValidateLoginPageTest.validLoginTest(TC0003_ValidateLoginPageTest.java:30)
at java.base/jdk.internal.reflect.DirectMethodHandleAccessor.invoke(DirectMethodHandleAccessor.java:104)
at java.base/java.lang.reflect.Method.invoke(Method.java:565)
at org.testng.internal.invokers.MethodInvocationHelper.invokeMethod(MethodInvocationHelper.java:141)
at org.testng.internal.invokers.TestInvoker.invokeMethod(TestInvoker.java:687)
at org.testng.internal.invokers.TestInvoker.invokeTestMethod(TestInvoker.java:230)
at org.testng.internal.invokers.MethodRunner.runInSequence(MethodRunner.java:63)
at org.testng.internal.invokers.TestInvoker$MethodInvocationAgent.invoke(TestInvoker.java:995)
at org.testng.internal.invokers.TestInvoker.invokeTestMethods(TestInvoker.java:203)
at org.testng.internal.invokers.TestMethodWorker.invokeTestMethods(TestMethodWorker.java:154)
at org.testng.internal.invokers.TestMethodWorker.run(TestMethodWorker.java:134)
at java.base/java.util.ArrayList.forEach(ArrayList.java:1604)
at org.testng.TestRunner.privateRun(TestRunner.java:741)
at org.testng.TestRunner.run(TestRunner.java:616)
at org.testng.SuiteRunner.runTest(SuiteRunner.java:421)
at org.testng.SuiteRunner$SuiteWorker.run(SuiteRunner.java:463)
at org.testng.internal.thread.ThreadUtil.lambda$execute$0(ThreadUtil.java:64)
at java.base/java.util.concurrent.FutureTask.run(FutureTask.java:328)
at java.base/java.util.concurrent.ThreadPoolExecutor.runWorker(ThreadPoolExecutor.java:1090)
at java.base/java.util.concurrent.ThreadPoolExecutor$Worker.run(ThreadPoolExecutor.java:614)
at java.base/java.lang.Thread.run(Thread.java:1474)
]]>
            </full-stacktrace>
          </exception> <!-- java.lang.AssertionError -->
          <reporter-output>
          </reporter-output>
        </test-method> <!-- validLoginTest -->
        <test-method is-config="true" signature="tearDown()[pri:0, instance:testCases.TC0003_ValidateLoginPageTest@3f197a46]" started-at="2025-11-06T11:36:48 IST" name="tearDown" finished-at="2025-11-06T11:36:51 IST" duration-ms="3198" status="PASS">
          <reporter-output>
          </reporter-output>
        </test-method> <!-- tearDown -->
      </class> <!-- testCases.TC0003_ValidateLoginPageTest -->
      <class name="testCases.TC001_AccountCreationTest">
        <test-method is-config="true" signature="setUp(java.lang.String,java.lang.String)[pri:0, instance:testCases.TC001_AccountCreationTest@7a69b07]" started-at="2025-11-06T11:35:31 IST" name="setUp" finished-at="2025-11-06T11:35:42 IST" duration-ms="11140" status="PASS">
          <params>
            <param index="0">
              <value>
                <![CDATA[firefox]]>
              </value>
            </param>
            <param index="1">
              <value>
                <![CDATA[linux]]>
              </value>
            </param>
          </params>
          <reporter-output>
          </reporter-output>
        </test-method> <!-- setUp -->
        <test-method signature="verifyAccountRegistration()[pri:0, instance:testCases.TC001_AccountCreationTest@7a69b07]" started-at="2025-11-06T11:35:42 IST" name="verifyAccountRegistration" finished-at="2025-11-06T11:35:44 IST" duration-ms="2060" status="PASS">
          <reporter-output>
          </reporter-output>
        </test-method> <!-- verifyAccountRegistration -->
        <test-method is-config="true" signature="tearDown()[pri:0, instance:testCases.TC001_AccountCreationTest@7a69b07]" started-at="2025-11-06T11:35:44 IST" name="tearDown" finished-at="2025-11-06T11:35:47 IST" duration-ms="3093" status="PASS">
          <reporter-output>
          </reporter-output>
        </test-method> <!-- tearDown -->
      </class> <!-- testCases.TC001_AccountCreationTest -->
      <class name="testCases.TC002_LoginPageTest">
        <test-method is-config="true" signature="setUp(java.lang.String,java.lang.String)[pri:0, instance:testCases.TC002_LoginPageTest@5e82df6a]" started-at="2025-11-06T11:35:47 IST" name="setUp" finished-at="2025-11-06T11:35:59 IST" duration-ms="12056" status="PASS">
          <params>
            <param index="0">
              <value>
                <![CDATA[firefox]]>
              </value>
            </param>
            <param index="1">
              <value>
                <![CDATA[linux]]>
              </value>
            </param>
          </params>
          <reporter-output>
          </reporter-output>
        </test-method> <!-- setUp -->
        <test-method signature="validateLoginAccountTest()[pri:0, instance:testCases.TC002_LoginPageTest@5e82df6a]" started-at="2025-11-06T11:35:59 IST" name="validateLoginAccountTest" finished-at="2025-11-06T11:36:02 IST" duration-ms="2247" status="PASS">
          <reporter-output>
          </reporter-output>
        </test-method> <!-- validateLoginAccountTest -->
        <test-method is-config="true" signature="tearDown()[pri:0, instance:testCases.TC002_LoginPageTest@5e82df6a]" started-at="2025-11-06T11:36:02 IST" name="tearDown" finished-at="2025-11-06T11:36:05 IST" duration-ms="3674" status="PASS">
          <reporter-output>
          </reporter-output>
        </test-method> <!-- tearDown -->
      </class> <!-- testCases.TC002_LoginPageTest -->
    </test> <!-- EdgeTest -->
  </suite> <!-- OpenCartProject Suite -->
</testng-results>
