<?xml version="1.0" encoding="UTF-8"?>
<testsuite xmlns:xsi="http://www.w3.org/2001/XMLSchema-instance" xsi:noNamespaceSchemaLocation="https://maven.apache.org/surefire/maven-surefire-plugin/xsd/surefire-test-report.xsd" version="3.0.2" name="TestSuite" time="81.143" tests="8" errors="0" skipped="0" failures="2">
  <properties>
[...]
</properties>
  <testcase name="verifyAccountRegistration" classname="testCases.TC001_AccountCreationTest" time="5.826">
    <system-out><![CDATA[11:35:34.189 [TestNG-tests-1] INFO  testBase.BaseTest - Browser initiated succefully
11:35:36.287 [TestNG-tests-1] INFO  testBase.BaseTest - ********TC001 verifyAccountRegistration testcase is started to execute********
11:35:40.643 [TestNG-tests-2] INFO  testBase.BaseTest - Browser initiated succefully
11:35:42.063 [TestNG-tests-1] INFO  testBase.BaseTest - ********TC001 verifyAccountRegistration testcase execution is ended********
11:35:42.065 [TestNG-tests-1] DEBUG testBase.BaseTest - Test
]]></system-out>
    <system-err><![CDATA[SLF4J(W): No SLF4J providers were found.
SLF4J(W): Defaulting to no-operation (NOP) logger implementation
SLF4J(W): See https://www.slf4j.org/codes.html#noProviders for further details.
Nov 06, 2025 11:35:33 AM org.openqa.selenium.devtools.CdpVersionFinder findNearestMatch
WARNING: Unable to find an exact match for CDP version 141, returning the closest version; found: 139; Please update to a Selenium version that supports CDP version 141
]]></system-err>
  </testcase>
  <testcase name="verifyAccountRegistration" classname="testCases.TC001_AccountCreationTest" time="2.061">
    <system-out><![CDATA[11:35:42.720 [TestNG-tests-2] INFO  testBase.BaseTest - ********TC001 verifyAccountRegistration testcase is started to execute********
11:35:44.777 [TestNG-tests-2] INFO  testBase.BaseTest - ********TC001 verifyAccountRegistration testcase execution is ended********
11:35:44.777 [TestNG-tests-2] DEBUG testBase.BaseTest - Test
]]></system-out>
  </testcase>
  <testcase name="validateLoginAccountTest" classname="testCases.TC002_LoginPageTest" time="2.027">
    <system-out><![CDATA[11:35:46.673 [TestNG-tests-1] INFO  testBase.BaseTest - Browser initiated succefully
11:35:48.637 [TestNG-tests-1] INFO  testBase.BaseTest - TC002 is started
11:35:50.659 [TestNG-tests-1] INFO  testBase.BaseTest - TC002 ended
]]></system-out>
    <system-err><![CDATA[Nov 06, 2025 11:35:46 AM org.openqa.selenium.devtools.CdpVersionFinder findNearestMatch
WARNING: Unable to find an exact match for CDP version 141, returning the closest version; found: 139; Please update to a Selenium version that supports CDP version 141
]]></system-err>
  </testcase>
  <testcase name="validateLoginAccountTest" classname="testCases.TC002_LoginPageTest" time="2.277">
    <system-out><![CDATA[11:35:59.936 [TestNG-tests-2] INFO  testBase.BaseTest - TC002 is started
11:36:02.125 [TestNG-tests-2] INFO  testBase.BaseTest - TC002 ended
]]></system-out>
  </testcase>
  <testcase name="validLoginTest[Sunper@gmail.com, Sunper@1994](1)" classname="testCases.TC0003_ValidateLoginPageTest" time="3.878">
    <system-out><![CDATA[11:35:53.124 [TestNG-tests-1] INFO  testBase.BaseTest - Browser initiated succefully
11:35:55.661 [TestNG-tests-1] INFO  testBase.BaseTest - TC003 is started
11:35:57.262 [TestNG-tests-2] INFO  testBase.BaseTest - Browser initiated succefully
11:35:59.525 [TestNG-tests-1] INFO  testBase.BaseTest - TC003 ended
]]></system-out>
    <system-err><![CDATA[Nov 06, 2025 11:35:53 AM org.openqa.selenium.devtools.CdpVersionFinder findNearestMatch
WARNING: Unable to find an exact match for CDP version 141, returning the closest version; found: 139; Please update to a Selenium version that supports CDP version 141
]]></system-err>
  </testcase>
  <testcase name="validLoginTest[Sunper@gmail.com, Sunper@1994](1)" classname="testCases.TC0003_ValidateLoginPageTest" time="4.561">
    <system-out><![CDATA[11:36:18.832 [TestNG-tests-2] INFO  testBase.BaseTest - TC003 ended
]]></system-out>
  </testcase>
  <testcase name="validLoginTest[SunPer@gmail.com, SunPer@1995](2)" classname="testCases.TC0003_ValidateLoginPageTest" time="2.76">
    <failure message="expected [false] but found [true]" type="java.lang.AssertionError"><![CDATA[java.lang.AssertionError: expected [false] but found [true]
	at org.testng.Assert.fail(Assert.java:111)
	at org.testng.Assert.failNotEquals(Assert.java:1590)
	at org.testng.Assert.assertEqualsImpl(Assert.java:150)
	at org.testng.Assert.assertEquals(Assert.java:132)
	at org.testng.Assert.assertEquals(Assert.java:1079)
	at org.testng.Assert.assertEquals(Assert.java:1119)
	at testCases.TC0003_ValidateLoginPageTest.validLoginTest(TC0003_ValidateLoginPageTest.java:30)
	at java.base/jdk.internal.reflect.DirectMethodHandleAccessor.invoke(DirectMethodHandleAccessor.java:104)
	at java.base/java.lang.reflect.Method.invoke(Method.java:565)
	at org.testng.internal.invokers.MethodInvocationHelper.invokeMethod(MethodInvocationHelper.java:141)
	at org.testng.internal.invokers.TestInvoker.invokeMethod(TestInvoker.java:687)
	at org.testng.internal.invokers.TestInvoker.invokeTestMethod(TestInvoker.java:230)
	at org.testng.internal.invokers.MethodRunner.runInSequence(MethodRunner.java:63)
	at org.testng.internal.invokers.TestInvoker$MethodInvocationAgent.invoke(TestInvoker.java:995)
	at org.testng.internal.invokers.TestInvoker.invokeTestMethods(TestInvoker.java:203)
	at org.testng.internal.invokers.TestMethodWorker.invokeTestMethods(TestMethodWorker.java:154)
	at org.testng.internal.invokers.TestMethodWorker.run(TestMethodWorker.java:134)
	at java.base/java.util.ArrayList.forEach(ArrayList.java:1604)
	at org.testng.TestRunner.privateRun(TestRunner.java:741)
	at org.testng.TestRunner.run(TestRunner.java:616)
	at org.testng.SuiteRunner.runTest(SuiteRunner.java:421)
	at org.testng.SuiteRunner$SuiteWorker.run(SuiteRunner.java:463)
	at org.testng.internal.thread.ThreadUtil.lambda$execute$0(ThreadUtil.java:64)
	at java.base/java.util.concurrent.FutureTask.run(FutureTask.java:328)
	at java.base/java.util.concurrent.ThreadPoolExecutor.runWorker(ThreadPoolExecutor.java:1090)
	at java.base/java.util.concurrent.ThreadPoolExecutor$Worker.run(ThreadPoolExecutor.java:614)
	at java.base/java.lang.Thread.run(Thread.java:1474)
]]></failure>
    <system-out><![CDATA[11:36:02.879 [TestNG-tests-1] INFO  testBase.BaseTest - Browser initiated succefully
11:36:04.994 [TestNG-tests-1] INFO  testBase.BaseTest - TC003 is started
11:36:12.260 [TestNG-tests-2] INFO  testBase.BaseTest - Browser initiated succefully
11:36:14.294 [TestNG-tests-2] INFO  testBase.BaseTest - TC003 is started
]]></system-out>
    <system-err><![CDATA[Nov 06, 2025 11:36:02 AM org.openqa.selenium.devtools.CdpVersionFinder findNearestMatch
WARNING: Unable to find an exact match for CDP version 141, returning the closest version; found: 139; Please update to a Selenium version that supports CDP version 141
]]></system-err>
  </testcase>
  <testcase name="validLoginTest[SunPer@gmail.com, SunPer@1995](2)" classname="testCases.TC0003_ValidateLoginPageTest" time="12.705">
    <failure message="expected [false] but found [true]" type="java.lang.AssertionError"><![CDATA[java.lang.AssertionError: expected [false] but found [true]
	at org.testng.Assert.fail(Assert.java:111)
	at org.testng.Assert.failNotEquals(Assert.java:1590)
	at org.testng.Assert.assertEqualsImpl(Assert.java:150)
	at org.testng.Assert.assertEquals(Assert.java:132)
	at org.testng.Assert.assertEquals(Assert.java:1079)
	at org.testng.Assert.assertEquals(Assert.java:1119)
	at testCases.TC0003_ValidateLoginPageTest.validLoginTest(TC0003_ValidateLoginPageTest.java:30)
	at java.base/jdk.internal.reflect.DirectMethodHandleAccessor.invoke(DirectMethodHandleAccessor.java:104)
	at java.base/java.lang.reflect.Method.invoke(Method.java:565)
	at org.testng.internal.invokers.MethodInvocationHelper.invokeMethod(MethodInvocationHelper.java:141)
	at org.testng.internal.invokers.TestInvoker.invokeMethod(TestInvoker.java:687)
	at org.testng.internal.invokers.TestInvoker.invokeTestMethod(TestInvoker.java:230)
	at org.testng.internal.invokers.MethodRunner.runInSequence(MethodRunner.java:63)
	at org.testng.internal.invokers.TestInvoker$MethodInvocationAgent.invoke(TestInvoker.java:995)
	at org.testng.internal.invokers.TestInvoker.invokeTestMethods(TestInvoker.java:203)
	at org.testng.internal.invokers.TestMethodWorker.invokeTestMethods(TestMethodWorker.java:154)
	at org.testng.internal.invokers.TestMethodWorker.run(TestMethodWorker.java:134)
	at java.base/java.util.ArrayList.forEach(ArrayList.java:1604)
	at org.testng.TestRunner.privateRun(TestRunner.java:741)
	at org.testng.TestRunner.run(TestRunner.java:616)
	at org.testng.SuiteRunner.runTest(SuiteRunner.java:421)
	at org.testng.SuiteRunner$SuiteWorker.run(SuiteRunner.java:463)
	at org.testng.internal.thread.ThreadUtil.lambda$execute$0(ThreadUtil.java:64)
	at java.base/java.util.concurrent.FutureTask.run(FutureTask.java:328)
	at java.base/java.util.concurrent.ThreadPoolExecutor.runWorker(ThreadPoolExecutor.java:1090)
	at java.base/java.util.concurrent.ThreadPoolExecutor$Worker.run(ThreadPoolExecutor.java:614)
	at java.base/java.lang.Thread.run(Thread.java:1474)
]]></failure>
    <system-out><![CDATA[11:36:33.831 [TestNG-tests-2] INFO  testBase.BaseTest - Browser initiated succefully
11:36:35.907 [TestNG-tests-2] INFO  testBase.BaseTest - TC003 is started
]]></system-out>
  </testcase>
</testsuite>