<?xml version="1.0" encoding="UTF-8"?>
<testng-results ignored="0" total="8" passed="6" failed="2" skipped="0">
  <reporter-output>
  </reporter-output>
  <suite started-at="2025-11-22T16:07:47 IST" name="OpenCartProject Suite" finished-at="2025-11-22T16:09:41 IST" duration-ms="114322">
    <groups>
      <group name="datadriven">
        <method signature="TC0003_ValidateLoginPageTest.validLoginTest(java.lang.String,java.lang.String)[pri:0, instance:testCases.TC0003_ValidateLoginPageTest@645aa696]" name="validLoginTest" class="testCases.TC0003_ValidateLoginPageTest"/>
        <method signature="TC0003_ValidateLoginPageTest.validLoginTest(java.lang.String,java.lang.String)[pri:0, instance:testCases.TC0003_ValidateLoginPageTest@72bc6553]" name="validLoginTest" class="testCases.TC0003_ValidateLoginPageTest"/>
      </group> <!-- datadriven -->
      <group name="regression">
        <method signature="TC002_LoginPageTest.validateLoginAccountTest()[pri:0, instance:testCases.TC002_LoginPageTest@5b218417]" name="validateLoginAccountTest" class="testCases.TC002_LoginPageTest"/>
        <method signature="TC002_LoginPageTest.validateLoginAccountTest()[pri:0, instance:testCases.TC002_LoginPageTest@536f2a7e]" name="validateLoginAccountTest" class="testCases.TC002_LoginPageTest"/>
      </group> <!-- regression -->
      <group name="sanity">
        <method signature="TC0003_ValidateLoginPageTest.validLoginTest(java.lang.String,java.lang.String)[pri:0, instance:testCases.TC0003_ValidateLoginPageTest@645aa696]" name="validLoginTest" class="testCases.TC0003_ValidateLoginPageTest"/>
        <method signature="TC001_AccountCreationTest.verifyAccountRegistration()[pri:0, instance:testCases.TC001_AccountCreationTest@76b1e9b8]" name="verifyAccountRegistration" class="testCases.TC001_AccountCreationTest"/>
        <method signature="TC002_LoginPageTest.validateLoginAccountTest()[pri:0, instance:testCases.TC002_LoginPageTest@5b218417]" name="validateLoginAccountTest" class="testCases.TC002_LoginPageTest"/>
        <method signature="TC0003_ValidateLoginPageTest.validLoginTest(java.lang.String,java.lang.String)[pri:0, instance:testCases.TC0003_ValidateLoginPageTest@72bc6553]" name="validLoginTest" class="testCases.TC0003_ValidateLoginPageTest"/>
        <method signature="TC001_AccountCreationTest.verifyAccountRegistration()[pri:0, instance:testCases.TC001_AccountCreationTest@312aa7c]" name="verifyAccountRegistration" class="testCases.TC001_AccountCreationTest"/>
        <method signature="TC002_LoginPageTest.validateLoginAccountTest()[pri:0, instance:testCases.TC002_LoginPageTest@536f2a7e]" name="validateLoginAccountTest" class="testCases.TC002_LoginPageTest"/>
      </group> <!-- sanity -->
    </groups>
    <test started-at="2025-11-22T16:07:47 IST" name="ChromeTest" finished-at="2025-11-22T16:08:24 IST" duration-ms="37403">
      <class name="testCases.TC0003_ValidateLoginPageTest">
        <test-method is-config="true" signature="setUp(java.lang.String,java.lang.String)[pri:0, instance:testCases.TC0003_ValidateLoginPageTest@645aa696]" started-at="2025-11-22T16:08:02 IST" name="setUp" finished-at="2025-11-22T16:08:05 IST" duration-ms="3202" status="PASS">
          <params>
            <param index="0">
              <value>
                <![CDATA[chrome]]>
              </value>
            </param>
            <param index="1">
              <value>
                <![CDATA[linux]]>
              </value>
            </param>
          </params>
          <reporter-output>
          </reporter-output>
        </test-method> <!-- setUp -->
        <test-method signature="validLoginTest(java.lang.String,java.lang.String)[pri:0, instance:testCases.TC0003_ValidateLoginPageTest@645aa696]" started-at="2025-11-22T16:08:05 IST" name="validLoginTest" data-provider="logindata" finished-at="2025-11-22T16:08:07 IST" duration-ms="1900" status="PASS">
          <params>
            <param index="0">
              <value>
                <![CDATA[Sunper@gmail.com]]>
              </value>
            </param>
            <param index="1">
              <value>
                <![CDATA[Sunper@1994]]>
              </value>
            </param>
          </params>
          <reporter-output>
          </reporter-output>
        </test-method> <!-- validLoginTest -->
        <test-method is-config="true" signature="tearDown()[pri:0, instance:testCases.TC0003_ValidateLoginPageTest@645aa696]" started-at="2025-11-22T16:08:07 IST" name="tearDown" finished-at="2025-11-22T16:08:07 IST" duration-ms="291" status="PASS">
          <reporter-output>
          </reporter-output>
        </test-method> <!-- tearDown -->
        <test-method is-config="true" signature="setUp(java.lang.String,java.lang.String)[pri:0, instance:testCases.TC0003_ValidateLoginPageTest@645aa696]" started-at="2025-11-22T16:08:07 IST" name="setUp" finished-at="2025-11-22T16:08:10 IST" duration-ms="3094" status="PASS">
          <params>
            <param index="0">
              <value>
                <![CDATA[chrome]]>
              </value>
            </param>
            <param index="1">
              <value>
                <![CDATA[linux]]>
              </value>
            </param>
          </params>
          <reporter-output>
          </reporter-output>
        </test-method> <!-- setUp -->
        <test-method signature="validLoginTest(java.lang.String,java.lang.String)[pri:0, instance:testCases.TC0003_ValidateLoginPageTest@645aa696]" started-at="2025-11-22T16:08:10 IST" name="validLoginTest" data-provider="logindata" finished-at="2025-11-22T16:08:22 IST" duration-ms="11678" status="FAIL">
          <params>
            <param index="0">
              <value>
                <![CDATA[SunPer@gmail.com]]>
              </value>
            </param>
            <param index="1">
              <value>
                <![CDATA[SunPer@1995]]>
              </value>
            </param>
          </params>
          <exception class="java.lang.AssertionError">
            <message>
              <![CDATA[expected [false] but found [true]]]>
            </message>
            <full-stacktrace>
              <![CDATA[java.lang.AssertionError: expected [false] but found [true]
at org.testng.Assert.fail(Assert.java:111)
at org.testng.Assert.failNotEquals(Assert.java:1590)
at org.testng.Assert.assertEqualsImpl(Assert.java:150)
at org.testng.Assert.assertEquals(Assert.java:132)
at org.testng.Assert.assertEquals(Assert.java:1079)
at org.testng.Assert.assertEquals(Assert.java:1119)
at testCases.TC0003_ValidateLoginPageTest.validLoginTest(TC0003_ValidateLoginPageTest.java:30)
at java.base/jdk.internal.reflect.NativeMethodAccessorImpl.invoke0(Native Method)
at java.base/jdk.internal.reflect.NativeMethodAccessorImpl.invoke(NativeMethodAccessorImpl.java:77)
at java.base/jdk.internal.reflect.DelegatingMethodAccessorImpl.invoke(DelegatingMethodAccessorImpl.java:43)
at java.base/java.lang.reflect.Method.invoke(Method.java:568)
at org.testng.internal.invokers.MethodInvocationHelper.invokeMethod(MethodInvocationHelper.java:141)
at org.testng.internal.invokers.TestInvoker.invokeMethod(TestInvoker.java:687)
at org.testng.internal.invokers.TestInvoker.invokeTestMethod(TestInvoker.java:230)
at org.testng.internal.invokers.MethodRunner.runInSequence(MethodRunner.java:63)
at org.testng.internal.invokers.TestInvoker$MethodInvocationAgent.invoke(TestInvoker.java:995)
at org.testng.internal.invokers.TestInvoker.invokeTestMethods(TestInvoker.java:203)
at org.testng.internal.invokers.TestMethodWorker.invokeTestMethods(TestMethodWorker.java:154)
at org.testng.internal.invokers.TestMethodWorker.run(TestMethodWorker.java:134)
at java.base/java.util.ArrayList.forEach(ArrayList.java:1511)
at org.testng.TestRunner.privateRun(TestRunner.java:741)
at org.testng.TestRunner.run(TestRunner.java:616)
at org.testng.SuiteRunner.runTest(SuiteRunner.java:421)
at org.testng.SuiteRunner$SuiteWorker.run(SuiteRunner.java:463)
at org.testng.internal.thread.ThreadUtil.lambda$execute$0(ThreadUtil.java:64)
at java.base/java.util.concurrent.FutureTask.run(FutureTask.java:264)
at java.base/java.util.concurrent.ThreadPoolExecutor.runWorker(ThreadPoolExecutor.java:1136)
at java.base/java.util.concurrent.ThreadPoolExecutor$Worker.run(ThreadPoolExecutor.java:635)
at java.base/java.lang.Thread.run(Thread.java:840)
]]>
            </full-stacktrace>
          </exception> <!-- java.lang.AssertionError -->
          <reporter-output>
          </reporter-output>
        </test-method> <!-- validLoginTest -->
        <test-method is-config="true" signature="tearDown()[pri:0, instance:testCases.TC0003_ValidateLoginPageTest@645aa696]" started-at="2025-11-22T16:08:22 IST" name="tearDown" finished-at="2025-11-22T16:08:24 IST" duration-ms="2072" status="PASS">
          <reporter-output>
          </reporter-output>
        </test-method> <!-- tearDown -->
      </class> <!-- testCases.TC0003_ValidateLoginPageTest -->
      <class name="testCases.TC001_AccountCreationTest">
        <test-method is-config="true" signature="setUp(java.lang.String,java.lang.String)[pri:0, instance:testCases.TC001_AccountCreationTest@76b1e9b8]" started-at="2025-11-22T16:07:47 IST" name="setUp" finished-at="2025-11-22T16:07:53 IST" duration-ms="6261" status="PASS">
          <params>
            <param index="0">
              <value>
                <![CDATA[chrome]]>
              </value>
            </param>
            <param index="1">
              <value>
                <![CDATA[linux]]>
              </value>
            </param>
          </params>
          <reporter-output>
          </reporter-output>
        </test-method> <!-- setUp -->
        <test-method signature="verifyAccountRegistration()[pri:0, instance:testCases.TC001_AccountCreationTest@76b1e9b8]" started-at="2025-11-22T16:07:53 IST" name="verifyAccountRegistration" finished-at="2025-11-22T16:07:56 IST" duration-ms="2655" status="PASS">
          <reporter-output>
          </reporter-output>
        </test-method> <!-- verifyAccountRegistration -->
        <test-method is-config="true" signature="tearDown()[pri:0, instance:testCases.TC001_AccountCreationTest@76b1e9b8]" started-at="2025-11-22T16:07:56 IST" name="tearDown" finished-at="2025-11-22T16:07:56 IST" duration-ms="420" status="PASS">
          <reporter-output>
          </reporter-output>
        </test-method> <!-- tearDown -->
      </class> <!-- testCases.TC001_AccountCreationTest -->
      <class name="testCases.TC002_LoginPageTest">
        <test-method is-config="true" signature="setUp(java.lang.String,java.lang.String)[pri:0, instance:testCases.TC002_LoginPageTest@5b218417]" started-at="2025-11-22T16:07:57 IST" name="setUp" finished-at="2025-11-22T16:08:00 IST" duration-ms="3112" status="PASS">
          <params>
            <param index="0">
              <value>
                <![CDATA[chrome]]>
              </value>
            </param>
            <param index="1">
              <value>
                <![CDATA[linux]]>
              </value>
            </param>
          </params>
          <reporter-output>
          </reporter-output>
        </test-method> <!-- setUp -->
        <test-method signature="validateLoginAccountTest()[pri:0, instance:testCases.TC002_LoginPageTest@5b218417]" started-at="2025-11-22T16:08:00 IST" name="validateLoginAccountTest" finished-at="2025-11-22T16:08:02 IST" duration-ms="1954" status="PASS">
          <reporter-output>
          </reporter-output>
        </test-method> <!-- validateLoginAccountTest -->
        <test-method is-config="true" signature="tearDown()[pri:0, instance:testCases.TC002_LoginPageTest@5b218417]" started-at="2025-11-22T16:08:02 IST" name="tearDown" finished-at="2025-11-22T16:08:02 IST" duration-ms="281" status="PASS">
          <reporter-output>
          </reporter-output>
        </test-method> <!-- tearDown -->
      </class> <!-- testCases.TC002_LoginPageTest -->
    </test> <!-- ChromeTest -->
    <test started-at="2025-11-22T16:07:47 IST" name="EdgeTest" finished-at="2025-11-22T16:09:41 IST" duration-ms="114322">
      <class name="testCases.TC0003_ValidateLoginPageTest">
        <test-method is-config="true" signature="setUp(java.lang.String,java.lang.String)[pri:0, instance:testCases.TC0003_ValidateLoginPageTest@72bc6553]" started-at="2025-11-22T16:09:06 IST" name="setUp" finished-at="2025-11-22T16:09:13 IST" duration-ms="7086" status="PASS">
          <params>
            <param index="0">
              <value>
                <![CDATA[firefox]]>
              </value>
            </param>
            <param index="1">
              <value>
                <![CDATA[linux]]>
              </value>
            </param>
          </params>
          <reporter-output>
          </reporter-output>
        </test-method> <!-- setUp -->
        <test-method signature="validLoginTest(java.lang.String,java.lang.String)[pri:0, instance:testCases.TC0003_ValidateLoginPageTest@72bc6553]" started-at="2025-11-22T16:09:13 IST" name="validLoginTest" data-provider="logindata" finished-at="2025-11-22T16:09:16 IST" duration-ms="2855" status="PASS">
          <params>
            <param index="0">
              <value>
                <![CDATA[Sunper@gmail.com]]>
              </value>
            </param>
            <param index="1">
              <value>
                <![CDATA[Sunper@1994]]>
              </value>
            </param>
          </params>
          <reporter-output>
          </reporter-output>
        </test-method> <!-- validLoginTest -->
        <test-method is-config="true" signature="tearDown()[pri:0, instance:testCases.TC0003_ValidateLoginPageTest@72bc6553]" started-at="2025-11-22T16:09:16 IST" name="tearDown" finished-at="2025-11-22T16:09:19 IST" duration-ms="2556" status="PASS">
          <reporter-output>
          </reporter-output>
        </test-method> <!-- tearDown -->
        <test-method is-config="true" signature="setUp(java.lang.String,java.lang.String)[pri:0, instance:testCases.TC0003_ValidateLoginPageTest@72bc6553]" started-at="2025-11-22T16:09:19 IST" name="setUp" finished-at="2025-11-22T16:09:26 IST" duration-ms="7420" status="PASS">
          <params>
            <param index="0">
              <value>
                <![CDATA[firefox]]>
              </value>
            </param>
            <param index="1">
              <value>
                <![CDATA[linux]]>
              </value>
            </param>
          </params>
          <reporter-output>
          </reporter-output>
        </test-method> <!-- setUp -->
        <test-method signature="validLoginTest(java.lang.String,java.lang.String)[pri:0, instance:testCases.TC0003_ValidateLoginPageTest@72bc6553]" started-at="2025-11-22T16:09:26 IST" name="validLoginTest" data-provider="logindata" finished-at="2025-11-22T16:09:38 IST" duration-ms="12361" status="FAIL">
          <params>
            <param index="0">
              <value>
                <![CDATA[SunPer@gmail.com]]>
              </value>
            </param>
            <param index="1">
              <value>
                <![CDATA[SunPer@1995]]>
              </value>
            </param>
          </params>
          <exception class="java.lang.AssertionError">
            <message>
              <![CDATA[expected [false] but found [true]]]>
            </message>
            <full-stacktrace>
              <![CDATA[java.lang.AssertionError: expected [false] but found [true]
at org.testng.Assert.fail(Assert.java:111)
at org.testng.Assert.failNotEquals(Assert.java:1590)
at org.testng.Assert.assertEqualsImpl(Assert.java:150)
at org.testng.Assert.assertEquals(Assert.java:132)
at org.testng.Assert.assertEquals(Assert.java:1079)
at org.testng.Assert.assertEquals(Assert.java:1119)
at testCases.TC0003_ValidateLoginPageTest.validLoginTest(TC0003_ValidateLoginPageTest.java:30)
at java.base/jdk.internal.reflect.NativeMethodAccessorImpl.invoke0(Native Method)
at java.base/jdk.internal.reflect.NativeMethodAccessorImpl.invoke(NativeMethodAccessorImpl.java:77)
at java.base/jdk.internal.reflect.DelegatingMethodAccessorImpl.invoke(DelegatingMethodAccessorImpl.java:43)
at java.base/java.lang.reflect.Method.invoke(Method.java:568)
at org.testng.internal.invokers.MethodInvocationHelper.invokeMethod(MethodInvocationHelper.java:141)
at org.testng.internal.invokers.TestInvoker.invokeMethod(TestInvoker.java:687)
at org.testng.internal.invokers.TestInvoker.invokeTestMethod(TestInvoker.java:230)
at org.testng.internal.invokers.MethodRunner.runInSequence(MethodRunner.java:63)
at org.testng.internal.invokers.TestInvoker$MethodInvocationAgent.invoke(TestInvoker.java:995)
at org.testng.internal.invokers.TestInvoker.invokeTestMethods(TestInvoker.java:203)
at org.testng.internal.invokers.TestMethodWorker.invokeTestMethods(TestMethodWorker.java:154)
at org.testng.internal.invokers.TestMethodWorker.run(TestMethodWorker.java:134)
at java.base/java.util.ArrayList.forEach(ArrayList.java:1511)
at org.testng.TestRunner.privateRun(TestRunner.java:741)
at org.testng.TestRunner.run(TestRunner.java:616)
at org.testng.SuiteRunner.runTest(SuiteRunner.java:421)
at org.testng.SuiteRunner$SuiteWorker.run(SuiteRunner.java:463)
at org.testng.internal.thread.ThreadUtil.lambda$execute$0(ThreadUtil.java:64)
at java.base/java.util.concurrent.FutureTask.run(FutureTask.java:264)
at java.base/java.util.concurrent.ThreadPoolExecutor.runWorker(ThreadPoolExecutor.java:1136)
at java.base/java.util.concurrent.ThreadPoolExecutor$Worker.run(ThreadPoolExecutor.java:635)
at java.base/java.lang.Thread.run(Thread.java:840)
]]>
            </full-stacktrace>
          </exception> <!-- java.lang.AssertionError -->
          <reporter-output>
          </reporter-output>
        </test-method> <!-- validLoginTest -->
        <test-method is-config="true" signature="tearDown()[pri:0, instance:testCases.TC0003_ValidateLoginPageTest@72bc6553]" started-at="2025-11-22T16:09:38 IST" name="tearDown" finished-at="2025-11-22T16:09:41 IST" duration-ms="2640" status="PASS">
          <reporter-output>
          </reporter-output>
        </test-method> <!-- tearDown -->
      </class> <!-- testCases.TC0003_ValidateLoginPageTest -->
      <class name="testCases.TC001_AccountCreationTest">
        <test-method is-config="true" signature="setUp(java.lang.String,java.lang.String)[pri:0, instance:testCases.TC001_AccountCreationTest@312aa7c]" started-at="2025-11-22T16:07:47 IST" name="setUp" finished-at="2025-11-22T16:08:47 IST" duration-ms="59697" status="PASS">
          <params>
            <param index="0">
              <value>
                <![CDATA[firefox]]>
              </value>
            </param>
            <param index="1">
              <value>
                <![CDATA[linux]]>
              </value>
            </param>
          </params>
          <reporter-output>
          </reporter-output>
        </test-method> <!-- setUp -->
        <test-method signature="verifyAccountRegistration()[pri:0, instance:testCases.TC001_AccountCreationTest@312aa7c]" started-at="2025-11-22T16:08:47 IST" name="verifyAccountRegistration" finished-at="2025-11-22T16:08:49 IST" duration-ms="2485" status="PASS">
          <reporter-output>
          </reporter-output>
        </test-method> <!-- verifyAccountRegistration -->
        <test-method is-config="true" signature="tearDown()[pri:0, instance:testCases.TC001_AccountCreationTest@312aa7c]" started-at="2025-11-22T16:08:49 IST" name="tearDown" finished-at="2025-11-22T16:08:53 IST" duration-ms="3546" status="PASS">
          <reporter-output>
          </reporter-output>
        </test-method> <!-- tearDown -->
      </class> <!-- testCases.TC001_AccountCreationTest -->
      <class name="testCases.TC002_LoginPageTest">
        <test-method is-config="true" signature="setUp(java.lang.String,java.lang.String)[pri:0, instance:testCases.TC002_LoginPageTest@536f2a7e]" started-at="2025-11-22T16:08:53 IST" name="setUp" finished-at="2025-11-22T16:09:02 IST" duration-ms="8738" status="PASS">
          <params>
            <param index="0">
              <value>
                <![CDATA[firefox]]>
              </value>
            </param>
            <param index="1">
              <value>
                <![CDATA[linux]]>
              </value>
            </param>
          </params>
          <reporter-output>
          </reporter-output>
        </test-method> <!-- setUp -->
        <test-method signature="validateLoginAccountTest()[pri:0, instance:testCases.TC002_LoginPageTest@536f2a7e]" started-at="2025-11-22T16:09:02 IST" name="validateLoginAccountTest" finished-at="2025-11-22T16:09:04 IST" duration-ms="1967" status="PASS">
          <reporter-output>
          </reporter-output>
        </test-method> <!-- validateLoginAccountTest -->
        <test-method is-config="true" signature="tearDown()[pri:0, instance:testCases.TC002_LoginPageTest@536f2a7e]" started-at="2025-11-22T16:09:04 IST" name="tearDown" finished-at="2025-11-22T16:09:06 IST" duration-ms="2571" status="PASS">
          <reporter-output>
          </reporter-output>
        </test-method> <!-- tearDown -->
      </class> <!-- testCases.TC002_LoginPageTest -->
    </test> <!-- EdgeTest -->
  </suite> <!-- OpenCartProject Suite -->
</testng-results>
