<?xml version="1.0" encoding="UTF-8"?>
<!-- Generated by org.testng.reporters.JUnitReportReporter -->
<testsuite hostname="PereiraSunil" failures="0" tests="2" name="testCases.TC001_AccountCreationTest" time="75.064" errors="0" timestamp="2025-11-22T16:09:41 IST" skipped="0">
  <testcase classname="testCases.TC001_AccountCreationTest" name="verifyAccountRegistration" time="65.728"/>
  <testcase classname="testCases.TC001_AccountCreationTest" name="verifyAccountRegistration" time="9.336"/>
</testsuite> <!-- testCases.TC001_AccountCreationTest -->
