<?xml version="1.0" encoding="UTF-8"?>
<!-- Generated by org.testng.reporters.JUnitReportReporter -->
<testsuite hostname="PereiraSunil" failures="0" tests="2" name="testCases.TC001_AccountCreationTest" time="28.149" errors="0" timestamp="2025-11-23T17:31:05 IST" skipped="0">
  <testcase classname="testCases.TC001_AccountCreationTest" name="verifyAccountRegistration" time="10.633"/>
  <testcase classname="testCases.TC001_AccountCreationTest" name="verifyAccountRegistration" time="17.516"/>
</testsuite> <!-- testCases.TC001_AccountCreationTest -->
