<?xml version="1.0" encoding="UTF-8"?>
<!-- Generated by org.testng.reporters.JUnitReportReporter -->
<testsuite hostname="PereiraSunil" failures="0" tests="2" name="testCases.TC002_LoginPageTest" time="25.950" errors="0" timestamp="2025-11-23T17:31:05 IST" skipped="0">
  <testcase classname="testCases.TC002_LoginPageTest" name="validateLoginAccountTest" time="9.581"/>
  <testcase classname="testCases.TC002_LoginPageTest" name="validateLoginAccountTest" time="16.369"/>
</testsuite> <!-- testCases.TC002_LoginPageTest -->
