<?xml version="1.0" encoding="UTF-8"?>
<!-- Generated by org.testng.reporters.JUnitReportReporter -->
<testsuite hostname="PereiraSunil" failures="0" tests="2" name="testCases.TC002_LoginPageTest" time="18.623" errors="0" timestamp="2025-11-22T16:09:41 IST" skipped="0">
  <testcase classname="testCases.TC002_LoginPageTest" name="validateLoginAccountTest" time="5.347"/>
  <testcase classname="testCases.TC002_LoginPageTest" name="validateLoginAccountTest" time="13.276"/>
</testsuite> <!-- testCases.TC002_LoginPageTest -->
