<?xml version="1.0" encoding="UTF-8"?>
<!-- Generated by org.testng.reporters.JUnitReportReporter -->
<testsuite hostname="PereiraSunil" failures="0" tests="2" name="testCases.TC002_LoginPageTest" time="24.854" errors="0" timestamp="2025-11-06T11:36:52 IST" skipped="0">
  <testcase classname="testCases.TC002_LoginPageTest" name="validateLoginAccountTest" time="17.977"/>
  <testcase classname="testCases.TC002_LoginPageTest" name="validateLoginAccountTest" time="6.877"/>
</testsuite> <!-- testCases.TC002_LoginPageTest -->
