<?xml version="1.0" encoding="UTF-8"?>
<!-- Generated by org.testng.reporters.JUnitReportReporter -->
<testsuite hostname="PereiraSunil" failures="0" tests="2" name="testCases.TC001_AccountCreationTest" time="29.051" errors="0" timestamp="2025-11-06T11:36:52 IST" skipped="0">
  <testcase classname="testCases.TC001_AccountCreationTest" name="verifyAccountRegistration" time="16.293"/>
  <testcase classname="testCases.TC001_AccountCreationTest" name="verifyAccountRegistration" time="12.758"/>
</testsuite> <!-- testCases.TC001_AccountCreationTest -->
